<?xml version="1.0" encoding="UTF-8"?>
<!-- Generated by org.testng.reporters.JUnitReportReporter -->
<testsuite hostname="MukeshKumar-6Y8CRG3" failures="0" tests="5" name="com.org.testCase.EventManagementPageTest" time="13.216" errors="0" timestamp="2022-09-12T12:45:36 IST" skipped="0">
  <testcase classname="com.org.testCase.EventManagementPageTest" name="validatelogin" time="4.496"/>
  <system-out/>
  <testcase classname="com.org.testCase.EventManagementPageTest" name="validateEventmanagement" time="2.096"/>
  <system-out/>
  <testcase classname="com.org.testCase.EventManagementPageTest" name="validateEventSearchBox" time="2.239"/>
  <system-out/>
  <testcase classname="com.org.testCase.EventManagementPageTest" name="validateList" time="2.085"/>
  <system-out/>
  <testcase classname="com.org.testCase.EventManagementPageTest" name="validateCreateEvent" time="2.300"/>
  <system-out/>
</testsuite> <!-- com.org.testCase.EventManagementPageTest -->
