<?xml version="1.0" encoding="UTF-8"?>
<!-- Generated by org.testng.reporters.JUnitReportReporter -->
<testsuite hostname="MukeshKumar-6Y8CRG3" failures="0" tests="1" name="com.org.testCase.HomePageTest" time="2.931" errors="0" timestamp="2022-08-29T13:39:13 IST" skipped="0">
  <testcase classname="com.org.testCase.HomePageTest" name="validatehomrPage" time="2.931"/>
  <system-out/>
</testsuite> <!-- com.org.testCase.HomePageTest -->
